2019-11-04 10:52:57,458 VERBOSE-1 [default] Basename: rbc
2019-11-04 10:52:57,458 VERBOSE-1 [default] Basename: rbc
2019-11-04 10:52:57,461 DEBUG [default] [richyrich@unknown-host] [std::vector<std::__cxx11::basic_string<char> > getMeshes(std::__cxx11::string, int)] [/home/richyrich/Bachelorarbeit/ASTE/aste/src/preciceMap.cpp:43] Meshes: [rbc.dt0/0]
2019-11-04 10:52:57,461 DEBUG [default] [richyrich@unknown-host] [std::vector<std::__cxx11::basic_string<char> > getMeshes(std::__cxx11::string, int)] [/home/richyrich/Bachelorarbeit/ASTE/aste/src/preciceMap.cpp:43] Meshes: [rbc.dt0/1]
2019-11-04 10:52:57,463 VERBOSE-1 [default] Basename: colored
2019-11-04 10:52:57,464 DEBUG [default] [richyrich@unknown-host] [std::vector<std::__cxx11::basic_string<char> > getMeshes(std::__cxx11::string, int)] [/home/richyrich/Bachelorarbeit/ASTE/aste/src/preciceMap.cpp:43] Meshes: [colored.dt0/0, colored.dt1/0, colored.dt2/0, colored.dt3/0, colored.dt4/0, colored.dt5/0, colored.dt6/0, colored.dt7/0, colored.dt8/0, colored.dt9/0, colored.dt10/0, colored.dt11/0, colored.dt12/0, colored.dt13/0, colored.dt14/0, colored.dt15/0, colored.dt16/0, colored.dt17/0, colored.dt18/0, colored.dt19/0]
2019-11-04 10:52:57,463 VERBOSE-1 [default] Basename: colored
2019-11-04 10:52:57,466 DEBUG [default] [richyrich@unknown-host] [std::vector<std::__cxx11::basic_string<char> > getMeshes(std::__cxx11::string, int)] [/home/richyrich/Bachelorarbeit/ASTE/aste/src/preciceMap.cpp:43] Meshes: [colored.dt0/1, colored.dt1/1, colored.dt2/1, colored.dt3/1, colored.dt4/1, colored.dt5/1, colored.dt6/1, colored.dt7/1, colored.dt8/1, colored.dt9/1, colored.dt10/1, colored.dt11/1, colored.dt12/1, colored.dt13/1, colored.dt14/1, colored.dt15/1, colored.dt16/1, colored.dt17/1, colored.dt18/1, colored.dt19/1]
2019-11-04 10:52:57,569 VERBOSE-1 [default] Rank 1 read in mesh of size 248
2019-11-04 10:52:57,579 VERBOSE-1 [default] Rank 0 read in mesh of size 252
2019-11-04 10:52:57,694 VERBOSE-1 [default] Rank 0 read in mesh of size 29706
2019-11-04 10:52:57,722 VERBOSE-1 [default] Rank 1 read in mesh of size 17843
2019-11-04 10:52:58,290 VERBOSE-1 [default] Read mesh for t=0 from colored.dt0/1
2019-11-04 10:52:58,371 VERBOSE-1 [default] Read mesh for t=0 from colored.dt0/0
2019-11-04 10:52:58,389 VERBOSE-1 [default] Read mesh for t=1 from colored.dt1/1
2019-11-04 10:52:58,480 VERBOSE-1 [default] Read mesh for t=2 from colored.dt2/1
2019-11-04 10:52:58,624 VERBOSE-1 [default] Read mesh for t=3 from colored.dt3/1
2019-11-04 10:52:58,669 VERBOSE-1 [default] Read mesh for t=1 from colored.dt1/0
2019-11-04 10:52:58,806 VERBOSE-1 [default] Read mesh for t=4 from colored.dt4/1
2019-11-04 10:52:58,909 VERBOSE-1 [default] Read mesh for t=2 from colored.dt2/0
2019-11-04 10:52:58,921 VERBOSE-1 [default] Read mesh for t=5 from colored.dt5/1
2019-11-04 10:52:59,086 VERBOSE-1 [default] Read mesh for t=3 from colored.dt3/0
2019-11-04 10:52:59,105 VERBOSE-1 [default] Read mesh for t=6 from colored.dt6/1
2019-11-04 10:52:59,284 VERBOSE-1 [default] Read mesh for t=4 from colored.dt4/0
2019-11-04 10:52:59,310 VERBOSE-1 [default] Read mesh for t=7 from colored.dt7/1
2019-11-04 10:52:59,482 VERBOSE-1 [default] Read mesh for t=8 from colored.dt8/1
2019-11-04 10:52:59,493 VERBOSE-1 [default] Read mesh for t=5 from colored.dt5/0
2019-11-04 10:52:59,740 VERBOSE-1 [default] Read mesh for t=9 from colored.dt9/1
2019-11-04 10:52:59,804 VERBOSE-1 [default] Read mesh for t=6 from colored.dt6/0
2019-11-04 10:52:59,969 VERBOSE-1 [default] Read mesh for t=10 from colored.dt10/1
2019-11-04 10:53:00,089 VERBOSE-1 [default] Read mesh for t=7 from colored.dt7/0
2019-11-04 10:53:00,138 VERBOSE-1 [default] Read mesh for t=11 from colored.dt11/1
2019-11-04 10:53:00,299 VERBOSE-1 [default] Read mesh for t=12 from colored.dt12/1
2019-11-04 10:53:00,424 VERBOSE-1 [default] Read mesh for t=8 from colored.dt8/0
2019-11-04 10:53:00,534 VERBOSE-1 [default] Read mesh for t=13 from colored.dt13/1
2019-11-04 10:53:00,632 VERBOSE-1 [default] Read mesh for t=9 from colored.dt9/0
2019-11-04 10:53:00,690 VERBOSE-1 [default] Read mesh for t=14 from colored.dt14/1
2019-11-04 10:53:00,824 VERBOSE-1 [default] Read mesh for t=10 from colored.dt10/0
2019-11-04 10:53:00,846 VERBOSE-1 [default] Read mesh for t=15 from colored.dt15/1
2019-11-04 10:53:00,983 VERBOSE-1 [default] Read mesh for t=16 from colored.dt16/1
2019-11-04 10:53:01,100 VERBOSE-1 [default] Read mesh for t=11 from colored.dt11/0
2019-11-04 10:53:01,117 VERBOSE-1 [default] Read mesh for t=17 from colored.dt17/1
2019-11-04 10:53:01,209 VERBOSE-1 [default] Read mesh for t=18 from colored.dt18/1
2019-11-04 10:53:01,308 VERBOSE-1 [default] Read mesh for t=19 from colored.dt19/1
2019-11-04 10:53:01,439 VERBOSE-1 [default] Read mesh for t=12 from colored.dt12/0
2019-11-04 10:53:01,719 VERBOSE-1 [default] Read mesh for t=13 from colored.dt13/0
2019-11-04 10:53:01,942 VERBOSE-1 [default] Read mesh for t=14 from colored.dt14/0
2019-11-04 10:53:02,187 VERBOSE-1 [default] Read mesh for t=15 from colored.dt15/0
2019-11-04 10:53:02,428 VERBOSE-1 [default] Read mesh for t=16 from colored.dt16/0
2019-11-04 10:53:02,747 VERBOSE-1 [default] Read mesh for t=17 from colored.dt17/0
2019-11-04 10:53:02,892 VERBOSE-1 [default] Read mesh for t=18 from colored.dt18/0
2019-11-04 10:53:03,131 VERBOSE-1 [default] Read mesh for t=19 from colored.dt19/0
2019-11-04 10:53:03,461 VERBOSE-1 [default] Writing results to "mapped"
2019-11-04 10:53:03,461 VERBOSE-1 [default] Writing results to "mapped"
2020-01-24 12:28:08,813 VERBOSE-1 [default] Basename: colored
2020-01-24 12:28:08,813 VERBOSE-1 [default] Basename: colored
2020-01-24 12:28:08,817 DEBUG [default] [richyrich@unknown-host] [std::vector<std::__cxx11::basic_string<char> > getMeshes(std::__cxx11::string, int)] [/home/richyrich/Bachelorarbeit/ASTE/aste/src/preciceMap.cpp:47] Meshes: colored.dt0/0 colored.dt1/0 colored.dt2/0 colored.dt3/0 colored.dt4/0 colored.dt5/0 colored.dt6/0 colored.dt7/0 colored.dt8/0 colored.dt9/0 colored.dt10/0 colored.dt11/0 colored.dt12/0 colored.dt13/0 colored.dt14/0 colored.dt15/0 colored.dt16/0 colored.dt17/0 colored.dt18/0 colored.dt19/0
2020-01-24 12:28:08,817 DEBUG [default] [richyrich@unknown-host] [std::vector<std::__cxx11::basic_string<char> > getMeshes(std::__cxx11::string, int)] [/home/richyrich/Bachelorarbeit/ASTE/aste/src/preciceMap.cpp:47] Meshes: colored.dt0/1 colored.dt1/1 colored.dt2/1 colored.dt3/1 colored.dt4/1 colored.dt5/1 colored.dt6/1 colored.dt7/1 colored.dt8/1 colored.dt9/1 colored.dt10/1 colored.dt11/1 colored.dt12/1 colored.dt13/1 colored.dt14/1 colored.dt15/1 colored.dt16/1 colored.dt17/1 colored.dt18/1 colored.dt19/1
2020-01-24 12:28:08,844 VERBOSE-1 [default] Basename: rbc
2020-01-24 12:28:08,845 VERBOSE-1 [default] Basename: rbc
2020-01-24 12:28:08,846 DEBUG [default] [richyrich@unknown-host] [std::vector<std::__cxx11::basic_string<char> > getMeshes(std::__cxx11::string, int)] [/home/richyrich/Bachelorarbeit/ASTE/aste/src/preciceMap.cpp:47] Meshes: rbc.dt0/0
2020-01-24 12:28:08,847 DEBUG [default] [richyrich@unknown-host] [std::vector<std::__cxx11::basic_string<char> > getMeshes(std::__cxx11::string, int)] [/home/richyrich/Bachelorarbeit/ASTE/aste/src/preciceMap.cpp:47] Meshes: rbc.dt0/1
2020-01-24 12:28:08,895 VERBOSE-1 [default] Reading mesh vertices and data from file colored.dt0/0
2020-01-24 12:28:08,895 VERBOSE-1 [default] Reading mesh vertices and data from file colored.dt0/1
2020-01-24 12:28:08,957 VERBOSE-1 [default] Reading mesh vertices from file rbc.dt0/0
2020-01-24 12:28:08,957 VERBOSE-1 [default] Reading mesh vertices from file rbc.dt0/1
2020-01-24 12:28:08,958 VERBOSE-1 [default] Data read from file: (0 0 0) (0 0 0) (0 0 0) (0 0 0) (0 0 0) (0 0 0) (0 0 0) (0 0 0) (0 0 0) (0 0 0) 
2020-01-24 12:28:08,959 VERBOSE-1 [default] Reading mesh connectivity information from file rbc.dt0/0.conn
2020-01-24 12:28:08,960 VERBOSE-1 [default] Data read from file: (0 0 0) (0 0 0) (0 0 0) (0 0 0) (0 0 0) (0 0 0) (0 0 0) (0 0 0) (0 0 0) (0 0 0) 
2020-01-24 12:28:08,960 VERBOSE-1 [default] Reading mesh connectivity information from file rbc.dt0/1.conn
2020-01-24 12:28:08,962 VERBOSE-1 [default] The mesh contains:
 245 Vertices
 245 Data
 0 Edges
 439 Triangles
2020-01-24 12:28:08,964 VERBOSE-1 [default] The mesh contains:
 255 Vertices
 255 Data
 0 Edges
 460 Triangles
2020-01-24 12:28:08,967 VERBOSE-1 [default] Setting up Mesh:
2020-01-24 12:28:08,967 VERBOSE-1 [default] Setting up Mesh:
2020-01-24 12:28:08,967 VERBOSE-1 [default] 1) Setting up Vertices
2020-01-24 12:28:08,967 VERBOSE-1 [default]  2) Setting up Edges
2020-01-24 12:28:08,967 VERBOSE-1 [default]  3) Generate Triangle Edges
2020-01-24 12:28:08,969 VERBOSE-1 [default] 1) Setting up Vertices
2020-01-24 12:28:08,970 VERBOSE-1 [default]  2) Setting up Edges
2020-01-24 12:28:08,970 VERBOSE-1 [default]  3) Generate Triangle Edges
2020-01-24 12:28:08,972 VERBOSE-1 [default]  4) Setting up Triangles
2020-01-24 12:28:08,973 VERBOSE-1 [default] Mesh setup completed on Rank 0
2020-01-24 12:28:08,976 VERBOSE-1 [default]  4) Setting up Triangles
2020-01-24 12:28:08,986 VERBOSE-1 [default] Mesh setup completed on Rank 1
2020-01-24 12:28:09,035 VERBOSE-1 [default] Data read from file: (0 4.68193e-310 4.68193e-310) (0 4.68193e-310 4.68193e-310) (0 4.68193e-310 4.68193e-310) (0 4.68193e-310 4.68193e-310) (0 4.68193e-310 4.68193e-310) (0 4.68193e-310 4.68193e-310) (0 4.68193e-310 4.68193e-310) (0 4.68193e-310 4.68193e-310) (0 4.68193e-310 4.68193e-310) (0 4.68193e-310 4.68193e-310) 
2020-01-24 12:28:09,035 VERBOSE-1 [default] Skipped Reading mesh connectivity information from non-existent file colored.dt0/1
2020-01-24 12:28:09,036 VERBOSE-1 [default] The mesh contains:
 17843 Vertices
 17843 Data
 0 Edges
 0 Triangles
2020-01-24 12:28:09,036 VERBOSE-1 [default] Setting up Mesh:
2020-01-24 12:28:09,036 VERBOSE-1 [default] 1) Setting up Vertices
2020-01-24 12:28:09,064 VERBOSE-1 [default]  2) Setting up Edges
2020-01-24 12:28:09,065 VERBOSE-1 [default]  3) Generate Triangle Edges
2020-01-24 12:28:09,066 VERBOSE-1 [default]  4) Setting up Triangles
2020-01-24 12:28:09,066 VERBOSE-1 [default] Mesh setup completed on Rank 1
2020-01-24 12:28:09,163 VERBOSE-1 [default] Data read from file: (0 4.66952e-310 4.66952e-310) (0 4.66952e-310 4.66952e-310) (0 4.66952e-310 4.66952e-310) (0 4.66952e-310 4.66952e-310) (0 4.66952e-310 4.66952e-310) (0 4.66952e-310 4.66952e-310) (0 4.66952e-310 4.66952e-310) (0 4.66952e-310 4.66952e-310) (0 4.66952e-310 4.66952e-310) (0 4.66952e-310 4.66952e-310) 
2020-01-24 12:28:09,182 VERBOSE-1 [default] Skipped Reading mesh connectivity information from non-existent file colored.dt0/0
2020-01-24 12:28:09,182 VERBOSE-1 [default] The mesh contains:
 29706 Vertices
 29706 Data
 0 Edges
 0 Triangles
2020-01-24 12:28:09,182 VERBOSE-1 [default] Setting up Mesh:
2020-01-24 12:28:09,182 VERBOSE-1 [default] 1) Setting up Vertices
2020-01-24 12:28:09,230 VERBOSE-1 [default]  2) Setting up Edges
2020-01-24 12:28:09,236 VERBOSE-1 [default]  3) Generate Triangle Edges
2020-01-24 12:28:09,236 VERBOSE-1 [default]  4) Setting up Triangles
2020-01-24 12:28:09,236 VERBOSE-1 [default] Mesh setup completed on Rank 0
2020-01-24 12:28:09,932 VERBOSE-1 [default] Read mesh for t=0 from colored.dt0/1
2020-01-24 12:28:09,932 VERBOSE-1 [default] Reading mesh vertices and data from file colored.dt0/1
2020-01-24 12:28:09,984 VERBOSE-1 [default] Read mesh for t=0 from colored.dt0/0
2020-01-24 12:28:09,985 VERBOSE-1 [default] Reading mesh vertices and data from file colored.dt0/0
2020-01-24 12:28:10,030 VERBOSE-1 [default] Data read from file: (0 4.68193e-310 4.68193e-310) (0 4.68193e-310 4.68193e-310) (0 4.68193e-310 4.68193e-310) (0 4.68193e-310 4.68193e-310) (0 4.68193e-310 4.68193e-310) (0 4.68193e-310 4.68193e-310) (0 4.68193e-310 4.68193e-310) (0 4.68193e-310 4.68193e-310) (0 4.68193e-310 4.68193e-310) (0 4.68193e-310 4.68193e-310) 
2020-01-24 12:28:10,031 VERBOSE-1 [default] Skipped Reading mesh connectivity information from non-existent file colored.dt0/1
2020-01-24 12:28:10,031 VERBOSE-1 [default] This roundmesh contains:
 17843 Vertices
 17843 Data
 0 Edges
 0 Triangles
2020-01-24 12:28:10,117 VERBOSE-1 [default] Data read from file: (0 4.66952e-310 4.66952e-310) (0 4.66952e-310 4.66952e-310) (0 4.66952e-310 4.66952e-310) (0 4.66952e-310 4.66952e-310) (0 4.66952e-310 4.66952e-310) (0 4.66952e-310 4.66952e-310) (0 4.66952e-310 4.66952e-310) (0 4.66952e-310 4.66952e-310) (0 4.66952e-310 4.66952e-310) (0 4.66952e-310 4.66952e-310) 
2020-01-24 12:28:10,117 VERBOSE-1 [default] Skipped Reading mesh connectivity information from non-existent file colored.dt0/0
2020-01-24 12:28:10,117 VERBOSE-1 [default] This roundmesh contains:
 29706 Vertices
 29706 Data
 0 Edges
 0 Triangles
2020-01-24 12:48:06,790 VERBOSE-1 [default] Basename: colored
2020-01-24 12:48:06,790 VERBOSE-1 [default] Basename: rbc
2020-01-24 12:48:06,791 DEBUG [default] [richyrich@unknown-host] [std::vector<std::__cxx11::basic_string<char> > getMeshes(std::__cxx11::string, int)] [/home/richyrich/Bachelorarbeit/ASTE/aste/src/preciceMap.cpp:47] Meshes: colored.dt0/1 colored.dt1/1 colored.dt2/1 colored.dt3/1 colored.dt4/1 colored.dt5/1 colored.dt6/1 colored.dt7/1 colored.dt8/1 colored.dt9/1 colored.dt10/1 colored.dt11/1 colored.dt12/1 colored.dt13/1 colored.dt14/1 colored.dt15/1 colored.dt16/1 colored.dt17/1 colored.dt18/1 colored.dt19/1
2020-01-24 12:48:06,791 DEBUG [default] [richyrich@unknown-host] [std::vector<std::__cxx11::basic_string<char> > getMeshes(std::__cxx11::string, int)] [/home/richyrich/Bachelorarbeit/ASTE/aste/src/preciceMap.cpp:47] Meshes: rbc.dt0/0
2020-01-24 12:48:06,805 VERBOSE-1 [default] Basename: rbc
2020-01-24 12:48:06,806 DEBUG [default] [richyrich@unknown-host] [std::vector<std::__cxx11::basic_string<char> > getMeshes(std::__cxx11::string, int)] [/home/richyrich/Bachelorarbeit/ASTE/aste/src/preciceMap.cpp:47] Meshes: rbc.dt0/1
2020-01-24 12:48:06,809 VERBOSE-1 [default] Basename: colored
2020-01-24 12:48:06,810 DEBUG [default] [richyrich@unknown-host] [std::vector<std::__cxx11::basic_string<char> > getMeshes(std::__cxx11::string, int)] [/home/richyrich/Bachelorarbeit/ASTE/aste/src/preciceMap.cpp:47] Meshes: colored.dt0/0 colored.dt1/0 colored.dt2/0 colored.dt3/0 colored.dt4/0 colored.dt5/0 colored.dt6/0 colored.dt7/0 colored.dt8/0 colored.dt9/0 colored.dt10/0 colored.dt11/0 colored.dt12/0 colored.dt13/0 colored.dt14/0 colored.dt15/0 colored.dt16/0 colored.dt17/0 colored.dt18/0 colored.dt19/0
2020-01-24 12:48:06,924 VERBOSE-1 [default] Reading mesh vertices from file rbc.dt0/0
2020-01-24 12:48:06,924 VERBOSE-1 [default] Reading mesh vertices from file rbc.dt0/1
2020-01-24 12:48:06,925 VERBOSE-1 [default] Data read from file: (0 0 0) (0 0 0) (0 0 0) (0 0 0) (0 0 0) (0 0 0) (0 0 0) (0 0 0) (0 0 0) (0 0 0) 
2020-01-24 12:48:06,925 VERBOSE-1 [default] Data read from file: (0 0 0) (0 0 0) (0 0 0) (0 0 0) (0 0 0) (0 0 0) (0 0 0) (0 0 0) (0 0 0) (0 0 0) 
2020-01-24 12:48:06,925 VERBOSE-1 [default] Reading mesh connectivity information from file rbc.dt0/1.conn
2020-01-24 12:48:06,927 VERBOSE-1 [default] The mesh contains:
 248 Vertices
 248 Data
 0 Edges
 454 Triangles
2020-01-24 12:48:06,927 VERBOSE-1 [default] Reading mesh connectivity information from file rbc.dt0/0.conn
2020-01-24 12:48:06,929 VERBOSE-1 [default] The mesh contains:
 252 Vertices
 252 Data
 0 Edges
 460 Triangles
2020-01-24 12:48:06,929 VERBOSE-1 [default] Setting up Mesh:
2020-01-24 12:48:06,930 VERBOSE-1 [default] 1) Setting up Vertices
2020-01-24 12:48:06,930 VERBOSE-1 [default]  2) Setting up Edges
2020-01-24 12:48:06,930 VERBOSE-1 [default]  3) Generate Triangle Edges
2020-01-24 12:48:06,932 VERBOSE-1 [default]  4) Setting up Triangles
2020-01-24 12:48:06,932 VERBOSE-1 [default] Reading mesh vertices and data from file colored.dt0/0
2020-01-24 12:48:06,932 VERBOSE-1 [default] Reading mesh vertices and data from file colored.dt0/1
2020-01-24 12:48:06,933 VERBOSE-1 [default] Setting up Mesh:
2020-01-24 12:48:06,933 VERBOSE-1 [default] 1) Setting up Vertices
2020-01-24 12:48:06,933 VERBOSE-1 [default]  2) Setting up Edges
2020-01-24 12:48:06,934 VERBOSE-1 [default]  3) Generate Triangle Edges
2020-01-24 12:48:06,935 VERBOSE-1 [default]  4) Setting up Triangles
2020-01-24 12:48:06,933 VERBOSE-1 [default] Mesh setup completed on Rank 1
2020-01-24 12:48:06,936 VERBOSE-1 [default] Mesh setup completed on Rank 0
2020-01-24 12:48:07,018 VERBOSE-1 [default] Data read from file: (0 4.65139e-310 4.65139e-310) (0 4.65139e-310 4.65139e-310) (0 4.65139e-310 4.65139e-310) (0 4.65139e-310 4.65139e-310) (0 4.65139e-310 4.65139e-310) (0 4.65139e-310 4.65139e-310) (0 4.65139e-310 4.65139e-310) (0 4.65139e-310 4.65139e-310) (0 4.65139e-310 4.65139e-310) (0 4.65139e-310 4.65139e-310) 
2020-01-24 12:48:07,018 VERBOSE-1 [default] Skipped Reading mesh connectivity information from non-existent file colored.dt0/0
2020-01-24 12:48:07,018 VERBOSE-1 [default] The mesh contains:
 29706 Vertices
 29706 Data
 0 Edges
 0 Triangles
2020-01-24 12:48:07,018 VERBOSE-1 [default] Setting up Mesh:
2020-01-24 12:48:07,018 VERBOSE-1 [default] 1) Setting up Vertices
2020-01-24 12:48:07,023 VERBOSE-1 [default] Data read from file: (0 4.67772e-310 4.67772e-310) (0 4.67772e-310 4.67772e-310) (0 4.67772e-310 4.67772e-310) (0 4.67772e-310 4.67772e-310) (0 4.67772e-310 4.67772e-310) (0 4.67772e-310 4.67772e-310) (0 4.67772e-310 4.67772e-310) (0 4.67772e-310 4.67772e-310) (0 4.67772e-310 4.67772e-310) (0 4.67772e-310 4.67772e-310) 
2020-01-24 12:48:07,033 VERBOSE-1 [default]  2) Setting up Edges
2020-01-24 12:48:07,034 VERBOSE-1 [default] Skipped Reading mesh connectivity information from non-existent file colored.dt0/1
2020-01-24 12:48:07,034 VERBOSE-1 [default] The mesh contains:
 17843 Vertices
 17843 Data
 0 Edges
 0 Triangles
2020-01-24 12:48:07,034 VERBOSE-1 [default] Setting up Mesh:
2020-01-24 12:48:07,034 VERBOSE-1 [default] 1) Setting up Vertices
2020-01-24 12:48:07,040 VERBOSE-1 [default]  3) Generate Triangle Edges
2020-01-24 12:48:07,040 VERBOSE-1 [default]  4) Setting up Triangles
2020-01-24 12:48:07,040 VERBOSE-1 [default] Mesh setup completed on Rank 0
2020-01-24 12:48:07,044 VERBOSE-1 [default]  2) Setting up Edges
2020-01-24 12:48:07,044 VERBOSE-1 [default]  3) Generate Triangle Edges
2020-01-24 12:48:07,044 VERBOSE-1 [default]  4) Setting up Triangles
2020-01-24 12:48:07,044 VERBOSE-1 [default] Mesh setup completed on Rank 1
2020-01-24 12:48:07,603 VERBOSE-1 [default] Read mesh for t=0 from colored.dt0/1
2020-01-24 12:48:07,604 VERBOSE-1 [default] Reading mesh vertices and data from file colored.dt0/1
2020-01-24 12:48:07,617 VERBOSE-1 [default] Read mesh for t=0 from colored.dt0/0
2020-01-24 12:48:07,617 VERBOSE-1 [default] Reading mesh vertices and data from file colored.dt0/0
2020-01-24 12:48:07,662 VERBOSE-1 [default] Data read from file: (0 4.67772e-310 4.67772e-310) (0 4.67772e-310 4.67772e-310) (0 4.67772e-310 4.67772e-310) (0 4.67772e-310 4.67772e-310) (0 4.67772e-310 4.67772e-310) (0 4.67772e-310 4.67772e-310) (0 4.67772e-310 4.67772e-310) (0 4.67772e-310 4.67772e-310) (0 4.67772e-310 4.67772e-310) (0 4.67772e-310 4.67772e-310) 
2020-01-24 12:48:07,662 VERBOSE-1 [default] Skipped Reading mesh connectivity information from non-existent file colored.dt0/1
2020-01-24 12:48:07,662 VERBOSE-1 [default] This roundmesh contains:
 17843 Vertices
 17843 Data
 0 Edges
 0 Triangles
2020-01-24 12:48:07,694 VERBOSE-1 [default] Data read from file: (0 4.65139e-310 4.65139e-310) (0 4.65139e-310 4.65139e-310) (0 4.65139e-310 4.65139e-310) (0 4.65139e-310 4.65139e-310) (0 4.65139e-310 4.65139e-310) (0 4.65139e-310 4.65139e-310) (0 4.65139e-310 4.65139e-310) (0 4.65139e-310 4.65139e-310) (0 4.65139e-310 4.65139e-310) (0 4.65139e-310 4.65139e-310) 
2020-01-24 12:48:07,694 VERBOSE-1 [default] Skipped Reading mesh connectivity information from non-existent file colored.dt0/0
2020-01-24 12:48:07,694 VERBOSE-1 [default] This roundmesh contains:
 29706 Vertices
 29706 Data
 0 Edges
 0 Triangles
