(0) 12:45:56 [impl::SolverInterfaceImpl]:152 in configure: [0mRun in coupling mode
(1) 12:45:57 [impl::SolverInterfaceImpl]:221 in initialize: [0mSetting up master communication to coupling partner/s
(1) 12:45:57 [impl::SolverInterfaceImpl]:229 in initialize: [0mMasters are connected
(1) 12:45:57 [partition::ProvidedPartition]:36 in communicate: [0mGather mesh MeshA
(1) 12:45:57 [partition::ProvidedPartition]:62 in communicate: [0mSend global mesh MeshA
(1) 12:45:57 [(1) 12:45:57 [partition::ReceivedPartition]:135 in compute: [0mBroadcast mesh MeshA
(1) 12:45:57 [partition::ReceivedPartition]:150 in compute: [0mFilter mesh MeshA by bounding-box
(1) 12:45:57 [par(1) 12:45:57 [impl::SolverInterfaceImpl]:241 in initialize: [0mSlaves are connected
(1) 12:45:57 [impl::SolverInterfaceImpl]:269 in initialize: [0mit 1 of 1 | dt# 1 | t 0 of 1 | dt 1 | max dt 1 | ongoing yes | dt complete no | 
(1) 12:45:57 [cplscheme::ParallelCouplingScheme]:88 in initializeData: [0minitializeData is skipped since no data has to be initialized
(1) 12:45:57 [impl::SolverInterfaceImpl]:397 in advance: [0mit 1 of 1 | dt# 2 | t 1 of 1 | dt 1 | max dt 1 | ongoing no | dt complete yes | 
t complete no | 
(1) 12:45:57 [cplscheme::ParallelCouplingScheme]:88 in initializeData: [0minitializeData is skipped since no data has to be initialized
(1) 12:45:57 [impl::SolverInterfaceImpl]:1482 in mapReadData: [0mCompute read mapping from mesh "MeshA" to mesh "MeshB".
(1) 12:45:57 [impl::SolverInterfaceImpl]:397 in advance: [0mit 1 of 1 | dt# 2 | t 1 of 1 | dt 1 | max dt 1 | ongoing no | dt complete yes | 
omplete yes | 
impl::SolverInterfaceImpl]:241 in initialize: [0mSlaves are connected
(0) 12:45:57 [impl::SolverInterfaceImpl]:269 in initialize: [0mit 1 of 1 | dt# 1 | t 0 of 1 | dt 1 | max dt 1 | ongoing yes | dt complete no | 
(0) 12:45:57 [cplscheme::ParallelCouplingScheme]:88 in initializeData: [0minitializeData is skipped since no data has to be initialized
(0) 12:45:57 [impl::SolverInterfaceImpl]:1482 in mapReadData: [0mCompute read mapping from mesh "MeshA" to mesh "MeshB".
(0) 12:45:57 [impl::SolverInterfaceImpl]:397 in advance: [0mit 1 of 1 | dt# 2 | t 1 of 1 | dt 1 | max dt 1 | ongoing no | dt complete yes | 
