(1) 16:12:17 [impl::SolverInterfaceImpl]:203 in initialize: [0mSetting up master communication to coupling partner/s
(1) 16:12:17 [impl::SolverInterfaceImpl]:212 in initialize: [0mMasters are connected
(1) 16:12:17 [impl::SolverInterfaceImpl]:216 in initialize: [0mSetting up preliminary slaves communication to coupling partner/s
(1) 16:12:17 [partition::ProvidedPartition]:101 in prepare: [0mPrepare partition for mesh Me(1) 16:12:17 [partition::ProvidedPartition]:101 in prepare: [0mPrepare partition for mesh MeshB
(1) 16:12:17 [partition::ReceivedPartition]:314 in filterByBoundingBox: [0mBroadcast mesh MeshA
(1) 16:12:17 [partition::ReceivedPartition]:326 in filterByBoundingBox: [0mFilter mesh MeshA by boundi(1) 16:12:18 [impl::SolverInterfaceImpl]:230 in initialize: [0mSlaves are connected
(1) 16:12:18 [impl::SolverInterfaceImpl]:262 in initialize: [0mit 1 of 1 | dt# 1 | t 0 of 1 | dt 1 | max dt 1 | ongoing yes | dt complete no | 
(1) 16:12:18 [cplscheme::ParallelCouplingScheme]:85 in initializeData: [0minitializeData is skipped since no data has to be initialized
(1) 16:12:18 [impl::SolverInterfaceImpl]:920 in writeVectorData: [31mERROR: [0mYou cannot call writeVectorData on the scalar data type Data
6:12:18 [impl::SolverInterfaceImpl]:262 in initialize: [0mit 1 of 1 | dt# 1 | t 0 of 1 | dt 1 | max dt 1 | ongoing yes | dt complete no | 
(0) 16:12:18 [cplscheme::ParallelCouplingScheme]:85 in initializeData: [0minitializeData is skipped since no data has to be initialized
(0) 16:12:18 [impl::SolverInterfaceImpl]:920 in writeVectorData(1) 16:12:18 [impl::SolverInterfaceImpl]:1307 in mapReadData: [0mCompute read mapping from mesh "MeshA" to mesh "MeshB".
(1) 16:12:18 [mapping::NearestNeighborMapping]:54 in computeMapping: [0mMapping distance min:0.0719002 max:3.79983 avg: 2.52146 var: 0.932085 cnt: 253
(1) 16:12:18 [impl::SolverInterfaceImpl]:378 in advance: [0mit 1 of 1 | dt# 2 | t 1 of 1 | dt 1 | max dt 1 | ongoing no | dt complete yes | 
(1) 16:12:18 [impl::SolverInterfaceImpl]:1016 in readVectorData: [31mERROR: [0mYou cannot call readVectorData on the scalar data type Data
tializeData is skipped since no data has to be initialized
(0) 16:12:18 [impl::SolverInterfaceImpl]:1307 in mapReadData: [0mCompute read mapping from mesh "MeshA" to mesh "MeshB".
(0) 16:12:18 [mapping::NearestNeighborMapping]:54 in computeMapping: [0mMapping distance min:0.351067 max:3.68134 avg: 2.5607 var: 0.821755 cnt: 247
(0) 16:12:18 [impl::SolverInterfaceImpl]:378 in advance: [0mit 1 of 1 | dt# 2 | t 1 of 1 | dt 1 | max dt 1 | ongoing no | dt complete yes | 
(0) 16:12:18 [impl::SolverInterfaceImpl]:1016 in readVectorData: [31mERROR: [0mYou cannot call readVectorData on the scalar data type Data
