2019-10-15 14:52:20,683 VERBOSE-1 [default] Basename: colored
2019-10-15 14:52:20,684 VERBOSE-1 [default] Basename: colored
2019-10-15 14:52:20,684 DEBUG [default] [richyrich@unknown-host] [std::vector<std::__cxx11::basic_string<char> > getMeshes(std::__cxx11::string, int)] [/home/richyrich/Bachelorarbeit/ASTE/aste/src/preciceMap.cpp:43] Meshes: [colored.dt0/0]
2019-10-15 14:52:20,685 DEBUG [default] [richyrich@unknown-host] [std::vector<std::__cxx11::basic_string<char> > getMeshes(std::__cxx11::string, int)] [/home/richyrich/Bachelorarbeit/ASTE/aste/src/preciceMap.cpp:43] Meshes: [colored.dt0/1]
2019-10-15 14:52:20,714 VERBOSE-1 [default] Basename: rbc
2019-10-15 14:52:20,714 VERBOSE-1 [default] Basename: rbc
2019-10-15 14:52:20,715 DEBUG [default] [richyrich@unknown-host] [std::vector<std::__cxx11::basic_string<char> > getMeshes(std::__cxx11::string, int)] [/home/richyrich/Bachelorarbeit/ASTE/aste/src/preciceMap.cpp:43] Meshes: [rbc.dt0/0]
2019-10-15 14:52:20,717 DEBUG [default] [richyrich@unknown-host] [std::vector<std::__cxx11::basic_string<char> > getMeshes(std::__cxx11::string, int)] [/home/richyrich/Bachelorarbeit/ASTE/aste/src/preciceMap.cpp:43] Meshes: [rbc.dt0/1]
2019-10-15 14:52:20,907 VERBOSE-1 [default] Rank 0 read in mesh of size 17482
2019-10-15 14:52:20,932 VERBOSE-1 [default] Rank 0 read in mesh of size 243
2019-10-15 14:52:20,938 VERBOSE-1 [default] Rank 1 read in mesh of size 257
2019-10-15 14:52:21,087 VERBOSE-1 [default] Rank 1 read in mesh of size 30067
2019-10-15 14:52:21,462 VERBOSE-1 [default] Read mesh for t=0 from colored.dt0/1
2019-10-15 14:52:21,462 VERBOSE-1 [default] Read mesh for t=0 from colored.dt0/0
2019-10-15 14:52:21,599 VERBOSE-1 [default] Writing results to "mapped"
2019-10-15 14:52:21,599 VERBOSE-1 [default] Writing results to "mapped"
2019-10-15 14:52:51,274 VERBOSE-1 [default] Basename: rbc
2019-10-15 14:52:51,276 DEBUG [default] [richyrich@unknown-host] [std::vector<std::__cxx11::basic_string<char> > getMeshes(std::__cxx11::string, int)] [/home/richyrich/Bachelorarbeit/ASTE/aste/src/preciceMap.cpp:43] Meshes: [rbc.dt0/1]
2019-10-15 14:52:51,299 VERBOSE-1 [default] Basename: rbc
2019-10-15 14:52:51,300 DEBUG [default] [richyrich@unknown-host] [std::vector<std::__cxx11::basic_string<char> > getMeshes(std::__cxx11::string, int)] [/home/richyrich/Bachelorarbeit/ASTE/aste/src/preciceMap.cpp:43] Meshes: [rbc.dt0/0]
2019-10-15 14:52:51,323 VERBOSE-1 [default] Basename: colored
2019-10-15 14:52:51,324 DEBUG [default] [richyrich@unknown-host] [std::vector<std::__cxx11::basic_string<char> > getMeshes(std::__cxx11::string, int)] [/home/richyrich/Bachelorarbeit/ASTE/aste/src/preciceMap.cpp:43] Meshes: [colored.dt0/1]
2019-10-15 14:52:51,332 VERBOSE-1 [default] Basename: colored
2019-10-15 14:52:51,333 DEBUG [default] [richyrich@unknown-host] [std::vector<std::__cxx11::basic_string<char> > getMeshes(std::__cxx11::string, int)] [/home/richyrich/Bachelorarbeit/ASTE/aste/src/preciceMap.cpp:43] Meshes: [colored.dt0/0]
2019-10-15 14:52:51,547 VERBOSE-1 [default] Rank 0 read in mesh of size 251
2019-10-15 14:52:51,550 VERBOSE-1 [default] Rank 1 read in mesh of size 249
2019-10-15 14:52:51,597 VERBOSE-1 [default] Rank 0 read in mesh of size 17453
2019-10-15 14:52:51,711 VERBOSE-1 [default] Rank 1 read in mesh of size 30096
2019-10-15 14:52:52,170 VERBOSE-1 [default] Read mesh for t=0 from colored.dt0/0
2019-10-15 14:52:52,172 VERBOSE-1 [default] Read mesh for t=0 from colored.dt0/1
2019-10-15 14:52:52,269 VERBOSE-1 [default] Writing results to "mapped"
2019-10-15 14:52:52,269 VERBOSE-1 [default] Writing results to "mapped"
